2023-09-13 16:00:46.036 [main] INFO  Application() - Starting Application on LAPTOP-F5LTM69V with PID 25360 (started by chand in C:\Users\chand\Documents\BRI BCoE\Carbon Trading\BRIChain\Gitlab\WeBASE-Event-Client)
2023-09-13 16:00:46.042 [main] INFO  Application() - No active profile set, falling back to default profiles: default
2023-09-13 16:00:47.395 [main] INFO  TomcatWebServer() - Tomcat initialized with port(s): 5006 (http)
2023-09-13 16:00:47.498 [main] INFO  ContextLoader() - Root WebApplicationContext: initialization completed in 1426 ms
2023-09-13 16:00:47.642 [main] WARN  AnnotationConfigServletWebServerApplicationContext() - Exception encountered during context initialization - cancelling refresh attempt: org.springframework.beans.factory.BeanCreationException: Error creating bean with name 'MQClientListener' defined in file [C:\Users\chand\Documents\BRI BCoE\Carbon Trading\BRIChain\Gitlab\WeBASE-Event-Client\bin\main\webase\event\client\mq\MQClientListener.class]: Initialization of bean failed; nested exception is java.lang.IllegalArgumentException: Could not resolve placeholder 'spring.rabbitmq.queues' in value "${spring.rabbitmq.queues}"
2023-09-13 16:00:47.662 [main] INFO  ConditionEvaluationReportLoggingListener() - 

Error starting ApplicationContext. To display the conditions report re-run your application with 'debug' enabled.
2023-09-13 16:00:47.663 [main] ERROR SpringApplication() - Application run failed
org.springframework.beans.factory.BeanCreationException: Error creating bean with name 'MQClientListener' defined in file [C:\Users\chand\Documents\BRI BCoE\Carbon Trading\BRIChain\Gitlab\WeBASE-Event-Client\bin\main\webase\event\client\mq\MQClientListener.class]: Initialization of bean failed; nested exception is java.lang.IllegalArgumentException: Could not resolve placeholder 'spring.rabbitmq.queues' in value "${spring.rabbitmq.queues}"
	at org.springframework.beans.factory.support.AbstractAutowireCapableBeanFactory.doCreateBean(AbstractAutowireCapableBeanFactory.java:601) ~[spring-beans-5.1.11.RELEASE.jar:5.1.11.RELEASE]
	at org.springframework.beans.factory.support.AbstractAutowireCapableBeanFactory.createBean(AbstractAutowireCapableBeanFactory.java:515) ~[spring-beans-5.1.11.RELEASE.jar:5.1.11.RELEASE]
	at org.springframework.beans.factory.support.AbstractBeanFactory.lambda$doGetBean$0(AbstractBeanFactory.java:320) ~[spring-beans-5.1.11.RELEASE.jar:5.1.11.RELEASE]
	at org.springframework.beans.factory.support.DefaultSingletonBeanRegistry.getSingleton(DefaultSingletonBeanRegistry.java:222) ~[spring-beans-5.1.11.RELEASE.jar:5.1.11.RELEASE]
	at org.springframework.beans.factory.support.AbstractBeanFactory.doGetBean(AbstractBeanFactory.java:318) ~[spring-beans-5.1.11.RELEASE.jar:5.1.11.RELEASE]
	at org.springframework.beans.factory.support.AbstractBeanFactory.getBean(AbstractBeanFactory.java:199) ~[spring-beans-5.1.11.RELEASE.jar:5.1.11.RELEASE]
	at org.springframework.beans.factory.support.DefaultListableBeanFactory.preInstantiateSingletons(DefaultListableBeanFactory.java:847) ~[spring-beans-5.1.11.RELEASE.jar:5.1.11.RELEASE]
	at org.springframework.context.support.AbstractApplicationContext.finishBeanFactoryInitialization(AbstractApplicationContext.java:877) ~[spring-context-5.1.11.RELEASE.jar:5.1.11.RELEASE]
	at org.springframework.context.support.AbstractApplicationContext.refresh(AbstractApplicationContext.java:549) ~[spring-context-5.1.11.RELEASE.jar:5.1.11.RELEASE]
	at org.springframework.boot.web.servlet.context.ServletWebServerApplicationContext.refresh(ServletWebServerApplicationContext.java:141) ~[spring-boot-2.1.10.RELEASE.jar:2.1.10.RELEASE]
	at org.springframework.boot.SpringApplication.refresh(SpringApplication.java:744) [spring-boot-2.1.10.RELEASE.jar:2.1.10.RELEASE]
	at org.springframework.boot.SpringApplication.refreshContext(SpringApplication.java:391) [spring-boot-2.1.10.RELEASE.jar:2.1.10.RELEASE]
	at org.springframework.boot.SpringApplication.run(SpringApplication.java:312) [spring-boot-2.1.10.RELEASE.jar:2.1.10.RELEASE]
	at org.springframework.boot.SpringApplication.run(SpringApplication.java:1215) [spring-boot-2.1.10.RELEASE.jar:2.1.10.RELEASE]
	at org.springframework.boot.SpringApplication.run(SpringApplication.java:1204) [spring-boot-2.1.10.RELEASE.jar:2.1.10.RELEASE]
	at webase.event.client.Application.main(Application.java:51) [main/:?]
Caused by: java.lang.IllegalArgumentException: Could not resolve placeholder 'spring.rabbitmq.queues' in value "${spring.rabbitmq.queues}"
	at org.springframework.util.PropertyPlaceholderHelper.parseStringValue(PropertyPlaceholderHelper.java:178) ~[spring-core-5.1.11.RELEASE.jar:5.1.11.RELEASE]
	at org.springframework.util.PropertyPlaceholderHelper.replacePlaceholders(PropertyPlaceholderHelper.java:124) ~[spring-core-5.1.11.RELEASE.jar:5.1.11.RELEASE]
	at org.springframework.core.env.AbstractPropertyResolver.doResolvePlaceholders(AbstractPropertyResolver.java:237) ~[spring-core-5.1.11.RELEASE.jar:5.1.11.RELEASE]
	at org.springframework.core.env.AbstractPropertyResolver.resolveRequiredPlaceholders(AbstractPropertyResolver.java:211) ~[spring-core-5.1.11.RELEASE.jar:5.1.11.RELEASE]
	at org.springframework.context.support.PropertySourcesPlaceholderConfigurer.lambda$processProperties$0(PropertySourcesPlaceholderConfigurer.java:175) ~[spring-context-5.1.11.RELEASE.jar:5.1.11.RELEASE]
	at org.springframework.beans.factory.support.AbstractBeanFactory.resolveEmbeddedValue(AbstractBeanFactory.java:851) ~[spring-beans-5.1.11.RELEASE.jar:5.1.11.RELEASE]
	at org.springframework.amqp.rabbit.annotation.RabbitListenerAnnotationBeanPostProcessor.resolve(RabbitListenerAnnotationBeanPostProcessor.java:794) ~[spring-rabbit-2.1.12.RELEASE.jar:2.1.12.RELEASE]
	at org.springframework.amqp.rabbit.annotation.RabbitListenerAnnotationBeanPostProcessor.resolveExpression(RabbitListenerAnnotationBeanPostProcessor.java:781) ~[spring-rabbit-2.1.12.RELEASE.jar:2.1.12.RELEASE]
	at org.springframework.amqp.rabbit.annotation.RabbitListenerAnnotationBeanPostProcessor.resolveQueues(RabbitListenerAnnotationBeanPostProcessor.java:506) ~[spring-rabbit-2.1.12.RELEASE.jar:2.1.12.RELEASE]
	at org.springframework.amqp.rabbit.annotation.RabbitListenerAnnotationBeanPostProcessor.processListener(RabbitListenerAnnotationBeanPostProcessor.java:408) ~[spring-rabbit-2.1.12.RELEASE.jar:2.1.12.RELEASE]
	at org.springframework.amqp.rabbit.annotation.RabbitListenerAnnotationBeanPostProcessor.processAmqpListener(RabbitListenerAnnotationBeanPostProcessor.java:368) ~[spring-rabbit-2.1.12.RELEASE.jar:2.1.12.RELEASE]
	at org.springframework.amqp.rabbit.annotation.RabbitListenerAnnotationBeanPostProcessor.postProcessAfterInitialization(RabbitListenerAnnotationBeanPostProcessor.java:275) ~[spring-rabbit-2.1.12.RELEASE.jar:2.1.12.RELEASE]
	at org.springframework.beans.factory.support.AbstractAutowireCapableBeanFactory.applyBeanPostProcessorsAfterInitialization(AbstractAutowireCapableBeanFactory.java:429) ~[spring-beans-5.1.11.RELEASE.jar:5.1.11.RELEASE]
	at org.springframework.beans.factory.support.AbstractAutowireCapableBeanFactory.initializeBean(AbstractAutowireCapableBeanFactory.java:1782) ~[spring-beans-5.1.11.RELEASE.jar:5.1.11.RELEASE]
	at org.springframework.beans.factory.support.AbstractAutowireCapableBeanFactory.doCreateBean(AbstractAutowireCapableBeanFactory.java:593) ~[spring-beans-5.1.11.RELEASE.jar:5.1.11.RELEASE]
	... 15 more
